G:\ППУЭС\плата2013.dwg,Модель,14.05.2019 23:53:42,Shetak,DWG To PDF.pc3,ANSI расш. A (8.50 x 11.00 дюймов),1:58.8172,
G:\ППУЭС\плата2013.dwg,Модель,15.05.2019 1:33:38,Shetak,DWG To PDF.pc3,ANSI расш. A (8.50 x 11.00 дюймов),1:58.8172,
G:\ППУЭС\Перечень элементов.dwg,Модель,15.05.2019 2:14:42,Shetak,DWG To PDF.pc3,ISO расш. A4 (210.00 x 297.00 мм),1:1.07838,
G:\ППУЭС\Перечень элементов.dwg,Модель,15.05.2019 2:16:01,Shetak,DWG To PDF.pc3,ISO расш. A4 (210.00 x 297.00 мм),1:1.07838,
G:\ППУЭС\Перечень элементов.dwg,Модель,15.05.2019 2:17:12,Shetak,DWG To PDF.pc3,ISO расш. A4 (210.00 x 297.00 мм),1:1.07838,
G:\ППУЭС\Перечень элементов.dwg,Модель,15.05.2019 2:21:30,Shetak,DWG To PDF.pc3,ISO расш. A4 (210.00 x 297.00 мм),1:1.07838,
G:\ППУЭС\Перечень элементов.dwg,Модель,15.05.2019 2:22:33,Shetak,DWG To PDF.pc3,ISO расш. A4 (210.00 x 297.00 мм),1:1.07838,
G:\ППУЭС\Перечень элементов.dwg,Модель,15.05.2019 2:23:26,Shetak,DWG To PDF.pc3,ISO расш. A4 (210.00 x 297.00 мм),1:1.07838,
G:\ППУЭС\Перечень элементов.dwg,Модель,15.05.2019 2:25:14,Shetak,DWG To PDF.pc3,ISO расш. A4 (210.00 x 297.00 мм),1:1.07838,
G:\ППУЭС\плата2013.dwg,Модель,15.05.2019 4:16:43,Shetak,DWG To PDF.pc3,ANSI расш. A (8.50 x 11.00 дюймов),1:58.8172,
G:\ППУЭС\плата2013.dwg,Модель,15.05.2019 4:19:01,Shetak,DWG To PDF.pc3,ANSI расш. A (8.50 x 11.00 дюймов),1:58.8172,
G:\ППУЭС\плата2013.dwg,Модель,15.05.2019 5:11:38,Shetak,DWG To PDF.pc3,ANSI расш. A (8.50 x 11.00 дюймов),1:58.8172,
G:\ППУЭС\плата2013.dwg,Модель,15.05.2019 5:13:36,Shetak,DWG To PDF.pc3,ANSI расш. A (8.50 x 11.00 дюймов),1:58.8172,
G:\ППУЭС\плата2013.dwg,Модель,15.05.2019 6:43:26,Shetak,DWG To PDF.pc3,ANSI расш. A (8.50 x 11.00 дюймов),1:58.8172,
G:\ППУЭС\плата2013.dwg,Модель,15.05.2019 6:59:53,Shetak,DWG To PDF.pc3,ANSI расш. A (8.50 x 11.00 дюймов),1:58.8172,
G:\ППУЭС\Перечень элементов.dwg,Модель,15.05.2019 7:11:54,Shetak,DWG To PDF.pc3,ISO расш. A4 (210.00 x 297.00 мм),1:1.07838,
G:\ППУЭС\Перечень элементов.dwg,Модель,15.05.2019 7:13:18,Shetak,DWG To PDF.pc3,ISO расш. A4 (210.00 x 297.00 мм),1:1.07838,
C:\Users\vlads\OneDrive\Рабочий стол\диплом\dwg\А1_структурная_схема.dwg,Модель,24.05.2020 19:49:32,vlads,DWG To PDF.pc3,ISO A1 (841.00 x 594.00 мм),1:1.06071,
C:\Users\vlads\OneDrive\Рабочий стол\диплом\dwg\А1_структурная_схема.dwg,Модель,24.05.2020 19:50:32,vlads,DWG To PDF.pc3,ISO A1 (841.00 x 594.00 мм),1:1.04286,
C:\Users\vlads\OneDrive\Рабочий стол\диплом\dwg\А1_структурная_схема.dwg,Модель,24.05.2020 19:52:35,vlads,DWG To PDF.pc3,ISO A4 (297.00 x 210.00 мм),1:2.68281,
D:\flesh drive 10.06.2019\ППУЭС\плата2013.dwg,Модель,26.05.2020 22:03:13,vlads,DWG To PDF.pc3,ISO без полей A1 (841.00 x 594.00 мм),1:1,
D:\flesh drive 10.06.2019\ППУЭС\плата2013.dwg,Модель,26.05.2020 22:13:31,vlads,DWG To PDF.pc3,ISO без полей A2 (594.00 x 420.00 мм),1:1.00505,
D:\flesh drive 10.06.2019\ППУЭС\плата2013.dwg,Модель,26.05.2020 22:19:56,vlads,DWG To PDF.pc3,ISO без полей A2 (594.00 x 420.00 мм),1:1.00505,
D:\flesh drive 10.06.2019\ППУЭС\плата2013.dwg,Модель,26.05.2020 22:23:00,vlads,DWG To PDF.pc3,ISO без полей A2 (594.00 x 420.00 мм),1:1.00505,
D:\flesh drive 10.06.2019\ППУЭС\плата2013.dwg,Модель,26.05.2020 22:34:08,vlads,DWG To PDF.pc3,ISO без полей A1 (841.00 x 594.00 мм),1:1,
C:\Users\vlads\Downloads\Vse_chertezhi_Vadim_day_denyak.dwg,Модель,26.05.2020 22:38:09,vlads,DWG To PDF.pc3,ISO без полей A1 (841.00 x 594.00 мм),1:1,
C:\Users\vlads\Downloads\Vse_chertezhi_Vadim_day_denyak.dwg,Модель,26.05.2020 22:43:20,vlads,DWG To PDF.pc3,ISO без полей A1 (841.00 x 594.00 мм),1:1,
C:\Users\vlads\Downloads\Vse_chertezhi_Vadim_day_denyak.dwg,Модель,26.05.2020 22:44:43,vlads,DWG To PDF.pc3,ISO A4 (297.00 x 210.00 мм),1:2.62989,
C:\Users\vlads\Downloads\Vse_chertezhi_Vadim_day_denyak.dwg,Модель,26.05.2020 22:48:43,vlads,DWG To PDF.pc3,ISO без полей A1 (841.00 x 594.00 мм),1:1,
D:\flesh drive 10.06.2019\ППУЭС\Перечень элементов2013.dwg,Модель,26.05.2020 23:27:38,vlads,DWG To PDF.pc3,ISO без полей A4 (210.00 x 297.00 мм),1:1,
C:\Users\vlads\Downloads\Vse_chertezhi_Vadim_day_denyak.dwg,Модель,14.06.2020 19:18:19,vlads,DWG To PDF.pc3,ISO без полей A1 (841.00 x 594.00 мм),1:1,
